<?xml version="1.0" encoding="UTF-8"?>
<testsuite name="memory.MemoryFinderTest" tests="1" skipped="0" failures="0" errors="0" timestamp="2023-09-02T08:26:16" hostname="DESKTOP-5MRP0O5" time="0.101">
  <properties/>
  <testcase name="get()" classname="memory.MemoryFinderTest" time="0.101"/>
  <system-out><![CDATA[]]></system-out>
  <system-err><![CDATA[]]></system-err>
</testsuite>
